INFO - [♥] Lovely 0.7.1
INFO - [♥] Game directory is at "E:\\Program Files\\Steam\\steamapps\\common\\Balatro"
INFO - [♥] Writing logs to "C:\\Users\\Gabriel\\AppData\\Roaming\\Balatro\\Mods\\lovely\\log"
INFO - [♥] Using mod directory at "C:\\Users\\Gabriel\\AppData\\Roaming\\Balatro\\Mods"
INFO - [♥] Initialization complete in 593ms
INFO - [♥] Applied 14 patches to 'main.lua'
INFO - [♥] Applied 5 patches to 'engine/controller.lua'
INFO - [♥] Applied 15 patches to 'back.lua'
INFO - [♥] Applied 7 patches to 'tag.lua'
INFO - [♥] Applied 3 patches to 'engine/moveable.lua'
INFO - [♥] Applied 2 patches to 'engine/sprite.lua'
INFO - [♥] Applied 2 patches to 'engine/animatedsprite.lua'
INFO - [♥] Applied 52 patches to 'functions/misc_functions.lua'
WARN - [♥] Pattern 'self.GAME.pseudorandom.seed = hash_seed(self.GAME.pseudorandom.seed)' on target 'game.lua' for pattern patch from BalatroMultiplayer\lovely\TheOrder.toml resulted in no matches
INFO - [♥] Applied 38 patches to 'game.lua'
INFO - [♥] Applied 1 patch to 'globals.lua'
INFO - [♥] Applied 3 patches to 'engine/ui.lua'
INFO - [♥] Applied 91 patches to 'functions/UI_definitions.lua'
INFO - [♥] Applied 52 patches to 'functions/state_events.lua'
INFO - [♥] Applied 119 patches to 'functions/common_events.lua'
INFO - [♥] Applied 51 patches to 'functions/button_callbacks.lua'
WARN - [♥] Pattern '*then G.E_MANAGER:add_event(Event({ func = function() G.GAME.blind:set_blind(nil, true, nil); return true end })) end' on target 'card.lua' for pattern patch from smods\lovely\calculate_card_added.toml resulted in 2 matches, wanted 1
WARN - [♥] Ignoring excess matches
INFO - [♥] Applied 172 patches to 'card.lua'
INFO - [♥] Applied 9 patches to 'cardarea.lua'
INFO - [♥] Applied 36 patches to 'blind.lua'
INFO - [♥] Applied 2 patches to 'engine/text.lua'
INFO - [♥] Applied 2 patches to '=[SMODS _ "src/utils.lua"]'
INFO - [G] Failed to connect to the debug server
INFO - [G] 2025-05-11 16:47:14 :: DEBUG :: DebugConsole :: Steamodded Debug Socket started !
INFO - [G] 2025-05-11 16:47:14 :: INFO  :: SMODS :: Steamodded v1.0.0~BETA-0511a
INFO - [♥] Applied 9 patches to 'engine/sound_manager.lua'
INFO - [♥] Applied 1 patch to 'engine/save_manager.lua'
INFO - [G] 2025-05-11 16:47:15 :: INFO  :: Loader :: Valid JSON file found
INFO - [G] 2025-05-11 16:47:15 :: DEBUG :: MULTIPLAYER :: Resetting game states
INFO - [G] 2025-05-11 16:47:16 :: TRACE :: MULTIPLAYER :: Client sent message: connect
INFO - [G] 2025-05-11 16:47:16 :: INFO  :: TIMER :: [0000] Injected Language in 0.001 ms
INFO - [G] 2025-05-11 16:47:16 :: INFO  :: TIMER :: [0000] Injected [INTERNAL] in 11.494 ms
INFO - [G] 2025-05-11 16:47:16 :: INFO  :: TIMER :: [0017] Injected Atlas in 633.129 ms
INFO - [G] 2025-05-11 16:47:16 :: INFO  :: TIMER :: [0001] Injected Sound in 6.428 ms
INFO - [G] 2025-05-11 16:47:16 :: INFO  :: TIMER :: [0008] Injected Stake in 0.464 ms
INFO - [G] 2025-05-11 16:47:16 :: INFO  :: TIMER :: [0004] Injected Rarity in 0.027 ms
INFO - [G] 2025-05-11 16:47:16 :: INFO  :: TIMER :: [0004] Injected ObjectType in 0.030 ms
INFO - [G] 2025-05-11 16:47:16 :: INFO  :: TIMER :: [0146] Injected Center in 1.835 ms
INFO - [G] 2025-05-11 16:47:16 :: INFO  :: TIMER :: [0007] Injected Undiscovered Sprite in 0.015 ms
INFO - [G] 2025-05-11 16:47:16 :: INFO  :: TIMER :: [0005] Injected Blind in 0.026 ms
INFO - [G] 2025-05-11 16:47:16 :: INFO  :: TIMER :: [0004] Injected Seal in 0.159 ms
INFO - [G] 2025-05-11 16:47:16 :: INFO  :: TIMER :: [0004] Injected Suit in 0.156 ms
INFO - [G] 2025-05-11 16:47:16 :: INFO  :: TIMER :: [0013] Injected Rank in 0.186 ms
INFO - [G] 2025-05-11 16:47:16 :: INFO  :: TIMER :: [0028] Injected DeckSkin in 0.301 ms
INFO - [G] 2025-05-11 16:47:16 :: INFO  :: TIMER :: [0012] Injected PokerHand in 0.114 ms
INFO - [G] 2025-05-11 16:47:16 :: INFO  :: TIMER :: [0033] Injected Challenge in 0.201 ms
INFO - [G] 2025-05-11 16:47:16 :: INFO  :: TIMER :: [0006] Injected Tag in 0.126 ms
INFO - [G] 2025-05-11 16:47:16 :: INFO  :: TIMER :: [0006] Injected Sticker in 0.157 ms
INFO - [G] 2025-05-11 16:47:16 :: INFO  :: TIMER :: [0000] Injected Shader in 0.002 ms
INFO - [G] 2025-05-11 16:47:16 :: INFO  :: TIMER :: [0002] Injected Keybind in 0.032 ms
INFO - [G] 2025-05-11 16:47:16 :: INFO  :: TIMER :: [0000] Injected Achievement in 0.046 ms
INFO - [G] 2025-05-11 16:47:16 :: INFO  :: TIMER :: [0002] Injected nil in 0.022 ms
INFO - [G] 2025-05-11 16:47:16 :: INFO  :: TIMER :: [0021] Injected Draw Step in 0.120 ms
INFO - [G] 2025-05-11 16:47:16 :: INFO  :: TIMER :: [0000] Injected [INTERNAL] in 10.289 ms
INFO - [G] 2025-05-11 16:47:16 :: INFO  :: TIMER :: [0000] Injected nil in 0.003 ms
INFO - [G] 2025-05-11 16:47:16 :: INFO  :: TIMER :: [0003] Injected nil in 0.024 ms
INFO - [G] 2025-05-11 16:47:17 :: TRACE :: MULTIPLAYER :: Client got connected message:  (action: connected) 
INFO - [G] 2025-05-11 16:47:17 :: TRACE :: MULTIPLAYER :: Client sent message: action:username,username:Guest,modHash:
INFO - [G] 2025-05-11 16:47:17 :: TRACE :: MULTIPLAYER :: Client got version message:  (action: version) 
INFO - [G] 2025-05-11 16:47:17 :: TRACE :: MULTIPLAYER :: Client sent message: action:version,version:0.2.8-MULTIPLAYER
INFO - [G] 2025-05-11 16:47:17 :: INFO  :: MULTIPLAYER :: Generated Mod Hash: 6027
INFO - [G] 2025-05-11 16:47:17 :: TRACE :: MULTIPLAYER :: Client sent message: action:username,username:Guest,modHash:Multiplayer-0.2.8
